<?xml version="1.0" encoding="UTF-8"?>
<!-- Generated by org.testng.reporters.JUnitXMLReporter -->
<testsuite hostname="administorsmbp2.voiceworks.local" ignored="0" name="authentication" tests="2" failures="0" timestamp="02 Mar 2018 10:30:07 GMT" time="4.51" errors="0">
  <testcase name="test01_getWeatherDetails" time="3.508" classname="testcases.getWeatherDetailsTest"/>
  <testcase name="test01_createCustomer" time="0.981" classname="testcases.CreateCustomerTest"/>
</testsuite> <!-- authentication -->
