<?xml version="1.0" encoding="UTF-8"?>
<testng-results skipped="0" failed="0" ignored="0" total="2" passed="2">
  <reporter-output>
  </reporter-output>
  <suite name="twitter" duration-ms="4510" started-at="2018-03-02T10:30:03Z" finished-at="2018-03-02T10:30:07Z">
    <groups>
    </groups>
    <test name="authentication" duration-ms="4510" started-at="2018-03-02T10:30:03Z" finished-at="2018-03-02T10:30:07Z">
      <class name="testcases.CreateCustomerTest">
        <test-method status="PASS" signature="test01_createCustomer()[pri:0, instance:testcases.CreateCustomerTest@7f63425a]" name="test01_createCustomer" duration-ms="981" started-at="2018-03-02T11:30:06Z" finished-at="2018-03-02T11:30:07Z">
          <reporter-output>
          </reporter-output>
        </test-method> <!-- test01_createCustomer -->
      </class> <!-- testcases.CreateCustomerTest -->
      <class name="testcases.getWeatherDetailsTest">
        <test-method status="PASS" signature="test01_getWeatherDetails()[pri:0, instance:testcases.getWeatherDetailsTest@b684286]" name="test01_getWeatherDetails" duration-ms="3508" started-at="2018-03-02T11:30:03Z" finished-at="2018-03-02T11:30:06Z">
          <reporter-output>
          </reporter-output>
        </test-method> <!-- test01_getWeatherDetails -->
      </class> <!-- testcases.getWeatherDetailsTest -->
    </test> <!-- authentication -->
  </suite> <!-- twitter -->
</testng-results>
